2009-08-17 12:24:31: (log.c.75) server started 
/usr/lib/ruby/1.8/xmlsimple.rb:275: warning: already initialized constant KNOWN_OPTIONS
/usr/lib/ruby/1.8/xmlsimple.rb:280: warning: already initialized constant DEF_KEY_ATTRIBUTES
/usr/lib/ruby/1.8/xmlsimple.rb:281: warning: already initialized constant DEF_ROOT_NAME
/usr/lib/ruby/1.8/xmlsimple.rb:282: warning: already initialized constant DEF_CONTENT_KEY
/usr/lib/ruby/1.8/xmlsimple.rb:283: warning: already initialized constant DEF_XML_DECLARATION
/usr/lib/ruby/1.8/xmlsimple.rb:284: warning: already initialized constant DEF_ANONYMOUS_TAG
/usr/lib/ruby/1.8/xmlsimple.rb:285: warning: already initialized constant DEF_FORCE_ARRAY
/usr/lib/ruby/1.8/xmlsimple.rb:286: warning: already initialized constant DEF_INDENTATION
/usr/lib/ruby/1.8/xmlsimple.rb:287: warning: already initialized constant DEF_KEY_TO_SYMBOL
2009-08-17 12:24:39: (server.c.1361) [note] graceful shutdown started 
2009-08-17 12:24:39: (server.c.1475) server stopped by UID = 0 PID = 0 
2009-08-18 13:29:28: (log.c.75) server started 
/usr/lib/ruby/1.8/xmlsimple.rb:275: warning: already initialized constant KNOWN_OPTIONS
/usr/lib/ruby/1.8/xmlsimple.rb:280: warning: already initialized constant DEF_KEY_ATTRIBUTES
/usr/lib/ruby/1.8/xmlsimple.rb:281: warning: already initialized constant DEF_ROOT_NAME
/usr/lib/ruby/1.8/xmlsimple.rb:282: warning: already initialized constant DEF_CONTENT_KEY
/usr/lib/ruby/1.8/xmlsimple.rb:283: warning: already initialized constant DEF_XML_DECLARATION
/usr/lib/ruby/1.8/xmlsimple.rb:284: warning: already initialized constant DEF_ANONYMOUS_TAG
/usr/lib/ruby/1.8/xmlsimple.rb:285: warning: already initialized constant DEF_FORCE_ARRAY
/usr/lib/ruby/1.8/xmlsimple.rb:286: warning: already initialized constant DEF_INDENTATION
/usr/lib/ruby/1.8/xmlsimple.rb:287: warning: already initialized constant DEF_KEY_TO_SYMBOL
2009-08-18 13:29:46: (server.c.1361) [note] graceful shutdown started 
2009-08-18 13:29:46: (server.c.1475) server stopped by UID = 0 PID = 0 
2009-08-25 15:13:16: (log.c.75) server started 
/usr/lib/ruby/1.8/xmlsimple.rb:275: warning: already initialized constant KNOWN_OPTIONS
/usr/lib/ruby/1.8/xmlsimple.rb:280: warning: already initialized constant DEF_KEY_ATTRIBUTES
/usr/lib/ruby/1.8/xmlsimple.rb:281: warning: already initialized constant DEF_ROOT_NAME
/usr/lib/ruby/1.8/xmlsimple.rb:282: warning: already initialized constant DEF_CONTENT_KEY
/usr/lib/ruby/1.8/xmlsimple.rb:283: warning: already initialized constant DEF_XML_DECLARATION
/usr/lib/ruby/1.8/xmlsimple.rb:284: warning: already initialized constant DEF_ANONYMOUS_TAG
/usr/lib/ruby/1.8/xmlsimple.rb:285: warning: already initialized constant DEF_FORCE_ARRAY
/usr/lib/ruby/1.8/xmlsimple.rb:286: warning: already initialized constant DEF_INDENTATION
/usr/lib/ruby/1.8/xmlsimple.rb:287: warning: already initialized constant DEF_KEY_TO_SYMBOL
2009-08-25 15:14:04: (server.c.1361) [note] graceful shutdown started 
2009-08-25 15:14:04: (server.c.1475) server stopped by UID = 0 PID = 0 
